<?xml version="1.0" encoding="UTF-8"?>
<TestRun id="b1333b43-b598-4c48-ba71-8710d958c69f" name="Cwoo@CWOO-PC 2011-04-30 18:26:45" runUser="Cwoo-PC\Cwoo" xmlns="http://microsoft.com/schemas/VisualStudio/TeamTest/2010">
  <TestSettings name="Local" id="49e49dd0-324f-478a-ab30-f3aeba0afd51">
    <Description>These are default test settings for a local test run.</Description>
    <Deployment userDeploymentRoot="C:\Users\Cwoo\Desktop\SvnLog\TestResults" useDefaultDeploymentRoot="false" enabled="false" runDeploymentRoot="Cwoo_CWOO-PC 2011-04-30 18_26_45">
      <DeploymentItem filename="C:\Users\Cwoo\Desktop\SvnLog\SvnDomainModel\bin\Debug\SvnDomainModel.dll" />
    </Deployment>
    <Execution>
      <TestTypeSpecific />
      <AgentRule name="Execution Agents">
      </AgentRule>
    </Execution>
  </TestSettings>
  <Times creation="2011-04-30T18:26:45.2440465+01:00" queuing="2011-04-30T18:26:48.0762085+01:00" start="2011-04-30T18:26:48.3132220+01:00" finish="2011-04-30T18:27:16.0338076+01:00" />
  <ResultSummary outcome="Error">
    <Counters total="1" executed="1" error="0" failed="0" timeout="0" aborted="1" inconclusive="0" passedButRunAborted="0" notRunnable="0" notExecuted="0" disconnected="0" warning="0" passed="0" completed="0" inProgress="0" pending="0" />
    <RunInfos>
      <RunInfo computerName="CWOO-PC" outcome="Error" timestamp="2011-04-30T18:27:16.0328075+01:00">
        <Text>Test host process exited unexpectedly.</Text>
      </RunInfo>
    </RunInfos>
  </ResultSummary>
  <TestDefinitions>
    <UnitTest name="TestWeirdOneOneRangeAndThenOtherRnageMadeWhenSelectingAllButSecondRevision" storage="c:\users\cwoo\desktop\svnlog\testsvndomainmodel\bin\debug\testsvndomainmodel.dll" id="020fe87a-ab43-5b9e-ec0e-deaf1e36d47e">
      <Execution id="0b207ce3-a9b2-4f95-8410-86b1cd58449f" />
      <TestMethod codeBase="C:/Users/Cwoo/Desktop/SvnLog/TestSvnDomainModel/bin/Debug/TestSvnDomainModel.DLL" adapterTypeName="Microsoft.VisualStudio.TestTools.TestTypes.Unit.UnitTestAdapter, Microsoft.VisualStudio.QualityTools.Tips.UnitTest.Adapter, Version=10.0.0.0, Culture=neutral, PublicKeyToken=b03f5f7f11d50a3a" className="TestSvnDomainModel.TestSvnLog, TestSvnDomainModel, Version=1.0.0.0, Culture=neutral, PublicKeyToken=null" name="TestWeirdOneOneRangeAndThenOtherRnageMadeWhenSelectingAllButSecondRevision" />
    </UnitTest>
  </TestDefinitions>
  <TestLists>
    <TestList name="Results Not in a List" id="8c84fa94-04c1-424b-9868-57a2d4851a1d" />
    <TestList name="All Loaded Results" id="19431567-8539-422a-85d7-44ee4e166bda" />
  </TestLists>
  <TestEntries>
    <TestEntry testId="020fe87a-ab43-5b9e-ec0e-deaf1e36d47e" executionId="0b207ce3-a9b2-4f95-8410-86b1cd58449f" testListId="8c84fa94-04c1-424b-9868-57a2d4851a1d" />
  </TestEntries>
  <Results>
    <UnitTestResult executionId="0b207ce3-a9b2-4f95-8410-86b1cd58449f" testId="020fe87a-ab43-5b9e-ec0e-deaf1e36d47e" testName="TestWeirdOneOneRangeAndThenOtherRnageMadeWhenSelectingAllButSecondRevision" computerName="CWOO-PC" duration="00:00:27.5255744" startTime="2011-04-30T18:26:48.5082332+01:00" endTime="2011-04-30T18:27:16.0338076+01:00" testType="13cdc9d9-ddb5-4fa4-a97d-d965ccfc6d4b" outcome="Aborted" testListId="8c84fa94-04c1-424b-9868-57a2d4851a1d" relativeResultsDirectory="0b207ce3-a9b2-4f95-8410-86b1cd58449f">
    </UnitTestResult>
  </Results>
</TestRun>