<?xml version="1.0" encoding="UTF-8"?>
<TestRun id="b7918035-3a0a-49a5-9297-eb5eb166a220" name="Cwoo@CWOO-PC 2011-04-29 22:18:48" runUser="Cwoo-PC\Cwoo" xmlns="http://microsoft.com/schemas/VisualStudio/TeamTest/2010">
  <TestSettings name="Local" id="49e49dd0-324f-478a-ab30-f3aeba0afd51">
    <Description>These are default test settings for a local test run.</Description>
    <Deployment enabled="false" runDeploymentRoot="Cwoo_CWOO-PC 2011-04-29 22_18_48">
      <DeploymentItem filename="C:\Users\Cwoo\Desktop\SvnLog\SvnDomainModel\bin\Debug\SvnDomainModel.dll" />
    </Deployment>
    <Execution>
      <TestTypeSpecific />
      <AgentRule name="Execution Agents">
      </AgentRule>
    </Execution>
  </TestSettings>
  <Times creation="2011-04-29T22:18:48.2769361+01:00" queuing="2011-04-29T22:18:48.6113387+01:00" start="2011-04-29T22:18:48.6581388+01:00" finish="2011-04-29T22:18:49.0793396+01:00" />
  <ResultSummary outcome="Completed">
    <Counters total="1" executed="1" passed="1" error="0" failed="0" timeout="0" aborted="0" inconclusive="0" passedButRunAborted="0" notRunnable="0" notExecuted="0" disconnected="0" warning="0" completed="0" inProgress="0" pending="0" />
  </ResultSummary>
  <TestDefinitions>
    <UnitTest name="TestSvnProncessThrowsAnErrorWhenTheStandardErrorLogHasSomthingInIt" storage="c:\users\cwoo\desktop\svnlog\testsvndomainmodel\bin\debug\testsvndomainmodel.dll" id="b9c48b81-c181-0ea3-d9f9-8ae341a98518">
      <Execution id="7fe125c3-5498-4185-95e8-61c362e48730" />
      <TestMethod codeBase="C:/Users/Cwoo/Desktop/SvnLog/TestSvnDomainModel/bin/Debug/TestSvnDomainModel.DLL" adapterTypeName="Microsoft.VisualStudio.TestTools.TestTypes.Unit.UnitTestAdapter, Microsoft.VisualStudio.QualityTools.Tips.UnitTest.Adapter, Version=10.0.0.0, Culture=neutral, PublicKeyToken=b03f5f7f11d50a3a" className="TestSvnDomainModel.TestSvnLog, TestSvnDomainModel, Version=1.0.0.0, Culture=neutral, PublicKeyToken=null" name="TestSvnProncessThrowsAnErrorWhenTheStandardErrorLogHasSomthingInIt" />
    </UnitTest>
  </TestDefinitions>
  <TestLists>
    <TestList name="Results Not in a List" id="8c84fa94-04c1-424b-9868-57a2d4851a1d" />
    <TestList name="All Loaded Results" id="19431567-8539-422a-85d7-44ee4e166bda" />
  </TestLists>
  <TestEntries>
    <TestEntry testId="b9c48b81-c181-0ea3-d9f9-8ae341a98518" executionId="7fe125c3-5498-4185-95e8-61c362e48730" testListId="8c84fa94-04c1-424b-9868-57a2d4851a1d" />
  </TestEntries>
  <Results>
    <UnitTestResult executionId="7fe125c3-5498-4185-95e8-61c362e48730" testId="b9c48b81-c181-0ea3-d9f9-8ae341a98518" testName="TestSvnProncessThrowsAnErrorWhenTheStandardErrorLogHasSomthingInIt" computerName="CWOO-PC" duration="00:00:00.0872023" startTime="2011-04-29T22:18:48.6737389+01:00" endTime="2011-04-29T22:18:49.0013394+01:00" testType="13cdc9d9-ddb5-4fa4-a97d-d965ccfc6d4b" outcome="Passed" testListId="8c84fa94-04c1-424b-9868-57a2d4851a1d" relativeResultsDirectory="7fe125c3-5498-4185-95e8-61c362e48730">
    </UnitTestResult>
  </Results>
</TestRun>