<?xml version="1.0" encoding="UTF-8"?>
<TestRun id="a13d4571-19a0-41ce-ab63-af818e280a61" name="Cwoo@CWOO-PC 2011-04-29 22:28:17" runUser="Cwoo-PC\Cwoo" xmlns="http://microsoft.com/schemas/VisualStudio/TeamTest/2010">
  <TestSettings name="Local" id="49e49dd0-324f-478a-ab30-f3aeba0afd51">
    <Description>These are default test settings for a local test run.</Description>
    <Deployment userDeploymentRoot="C:\Users\Cwoo\Desktop\SvnLog\TestResults" useDefaultDeploymentRoot="false" enabled="false" runDeploymentRoot="Cwoo_CWOO-PC 2011-04-29 22_28_17">
      <DeploymentItem filename="C:\Users\Cwoo\Desktop\SvnLog\SvnDomainModel\bin\Debug\SvnDomainModel.dll" />
    </Deployment>
    <Execution>
      <TestTypeSpecific />
      <AgentRule name="Execution Agents">
      </AgentRule>
    </Execution>
  </TestSettings>
  <Times creation="2011-04-29T22:28:17.0474650+01:00" queuing="2011-04-29T22:28:20.1426420+01:00" start="2011-04-29T22:28:20.4256582+01:00" finish="2011-04-29T22:29:01.3459987+01:00" />
  <ResultSummary outcome="Error">
    <Counters total="1" executed="1" error="0" failed="0" timeout="0" aborted="1" inconclusive="0" passedButRunAborted="0" notRunnable="0" notExecuted="0" disconnected="0" warning="0" passed="0" completed="0" inProgress="0" pending="0" />
    <RunInfos>
      <RunInfo computerName="CWOO-PC" outcome="Error" timestamp="2011-04-29T22:29:01.3449986+01:00">
        <Text>Test host process exited unexpectedly.</Text>
      </RunInfo>
    </RunInfos>
  </ResultSummary>
  <TestDefinitions>
    <UnitTest name="TestRangeCreatedWhenFirstRevisionSkipped" storage="c:\users\cwoo\desktop\svnlog\testsvndomainmodel\bin\debug\testsvndomainmodel.dll" id="24a2b6e2-c4e7-6b1d-ad11-cdd2dbc84edb">
      <Execution id="fce23037-6689-4044-9d48-7c637aa9c83e" />
      <TestMethod codeBase="C:/Users/Cwoo/Desktop/SvnLog/TestSvnDomainModel/bin/Debug/TestSvnDomainModel.DLL" adapterTypeName="Microsoft.VisualStudio.TestTools.TestTypes.Unit.UnitTestAdapter, Microsoft.VisualStudio.QualityTools.Tips.UnitTest.Adapter, Version=10.0.0.0, Culture=neutral, PublicKeyToken=b03f5f7f11d50a3a" className="TestSvnDomainModel.TestSvnLog, TestSvnDomainModel, Version=1.0.0.0, Culture=neutral, PublicKeyToken=null" name="TestRangeCreatedWhenFirstRevisionSkipped" />
    </UnitTest>
  </TestDefinitions>
  <TestLists>
    <TestList name="Results Not in a List" id="8c84fa94-04c1-424b-9868-57a2d4851a1d" />
    <TestList name="All Loaded Results" id="19431567-8539-422a-85d7-44ee4e166bda" />
  </TestLists>
  <TestEntries>
    <TestEntry testId="24a2b6e2-c4e7-6b1d-ad11-cdd2dbc84edb" executionId="fce23037-6689-4044-9d48-7c637aa9c83e" testListId="8c84fa94-04c1-424b-9868-57a2d4851a1d" />
  </TestEntries>
  <Results>
    <UnitTestResult executionId="fce23037-6689-4044-9d48-7c637aa9c83e" testId="24a2b6e2-c4e7-6b1d-ad11-cdd2dbc84edb" testName="TestRangeCreatedWhenFirstRevisionSkipped" computerName="CWOO-PC" duration="00:00:40.7223292" startTime="2011-04-29T22:28:20.6236695+01:00" endTime="2011-04-29T22:29:01.3459987+01:00" testType="13cdc9d9-ddb5-4fa4-a97d-d965ccfc6d4b" outcome="Aborted" testListId="8c84fa94-04c1-424b-9868-57a2d4851a1d" relativeResultsDirectory="fce23037-6689-4044-9d48-7c637aa9c83e">
    </UnitTestResult>
  </Results>
</TestRun>