<?xml version="1.0" encoding="UTF-8"?>
<TestRun id="c7effb34-1bbd-429f-80f8-0b5117a2b0cd" name="Cwoo@CWOO-PC 2011-03-30 22:01:03" runUser="Cwoo-PC\Cwoo" xmlns="http://microsoft.com/schemas/VisualStudio/TeamTest/2010">
  <TestSettings name="Local" id="49e49dd0-324f-478a-ab30-f3aeba0afd51">
    <Description>These are default test settings for a local test run.</Description>
    <Deployment enabled="false" runDeploymentRoot="Cwoo_CWOO-PC 2011-03-30 22_01_03">
      <DeploymentItem filename="C:\Users\Cwoo\Desktop\SvnLog\SvnDomainModel\bin\Debug\SvnDomainModel.dll" />
    </Deployment>
    <Execution>
      <TestTypeSpecific />
      <AgentRule name="Execution Agents">
      </AgentRule>
    </Execution>
  </TestSettings>
  <Times creation="2011-03-30T22:01:03.8129401+01:00" queuing="2011-03-30T22:01:08.6957487+01:00" start="2011-03-30T22:01:08.9765492+01:00" finish="2011-03-30T22:01:10.8173524+01:00" />
  <ResultSummary outcome="Completed">
    <Counters total="4" executed="4" passed="4" error="0" failed="0" timeout="0" aborted="0" inconclusive="0" passedButRunAborted="0" notRunnable="0" notExecuted="0" disconnected="0" warning="0" completed="0" inProgress="0" pending="0" />
  </ResultSummary>
  <TestDefinitions>
    <UnitTest name="TestSkippingARevisionResultsInTwoNoneRangesBeingReturned" storage="c:\users\cwoo\desktop\svnlog\testsvndomainmodel\bin\debug\testsvndomainmodel.dll" id="02aa3de2-b3c3-fefd-307e-ace23c0ad47e">
      <Execution id="ee2adf36-0836-4439-9697-7cdf0b54b8a8" />
      <TestMethod codeBase="C:/Users/Cwoo/Desktop/SvnLog/TestSvnDomainModel/bin/Debug/TestSvnDomainModel.DLL" adapterTypeName="Microsoft.VisualStudio.TestTools.TestTypes.Unit.UnitTestAdapter, Microsoft.VisualStudio.QualityTools.Tips.UnitTest.Adapter, Version=10.0.0.0, Culture=neutral, PublicKeyToken=b03f5f7f11d50a3a" className="TestSvnDomainModel.TestSvnLog, TestSvnDomainModel, Version=1.0.0.0, Culture=neutral, PublicKeyToken=null" name="TestSkippingARevisionResultsInTwoNoneRangesBeingReturned" />
    </UnitTest>
    <UnitTest name="TestSkippingMiddleCanCreateTwoRanges" storage="c:\users\cwoo\desktop\svnlog\testsvndomainmodel\bin\debug\testsvndomainmodel.dll" id="d13e3e73-e065-6a13-5822-4e5f1b2d1751">
      <Execution id="255fc6c1-0098-47ab-af83-ee2116cd8981" />
      <TestMethod codeBase="C:/Users/Cwoo/Desktop/SvnLog/TestSvnDomainModel/bin/Debug/TestSvnDomainModel.DLL" adapterTypeName="Microsoft.VisualStudio.TestTools.TestTypes.Unit.UnitTestAdapter, Microsoft.VisualStudio.QualityTools.Tips.UnitTest.Adapter, Version=10.0.0.0, Culture=neutral, PublicKeyToken=b03f5f7f11d50a3a" className="TestSvnDomainModel.TestSvnLog, TestSvnDomainModel, Version=1.0.0.0, Culture=neutral, PublicKeyToken=null" name="TestSkippingMiddleCanCreateTwoRanges" />
    </UnitTest>
    <UnitTest name="TestSkippingLastResultsInOneRange" storage="c:\users\cwoo\desktop\svnlog\testsvndomainmodel\bin\debug\testsvndomainmodel.dll" id="3a48e302-ccc6-9204-2565-041adf457499">
      <Execution id="ac47b083-8ec1-4da3-8d03-b50c18926d16" />
      <TestMethod codeBase="C:/Users/Cwoo/Desktop/SvnLog/TestSvnDomainModel/bin/Debug/TestSvnDomainModel.DLL" adapterTypeName="Microsoft.VisualStudio.TestTools.TestTypes.Unit.UnitTestAdapter, Microsoft.VisualStudio.QualityTools.Tips.UnitTest.Adapter, Version=10.0.0.0, Culture=neutral, PublicKeyToken=b03f5f7f11d50a3a" className="TestSvnDomainModel.TestSvnLog, TestSvnDomainModel, Version=1.0.0.0, Culture=neutral, PublicKeyToken=null" name="TestSkippingLastResultsInOneRange" />
    </UnitTest>
    <UnitTest name="TestRevisionsReturnedAsASingleRangeIfEveryRevisionIsSelected" storage="c:\users\cwoo\desktop\svnlog\testsvndomainmodel\bin\debug\testsvndomainmodel.dll" id="1070a7ed-f447-faef-1a6b-12e76ff1dda1">
      <Execution id="154abd56-2af0-4587-9d4d-b70acbd3bca5" />
      <TestMethod codeBase="C:/Users/Cwoo/Desktop/SvnLog/TestSvnDomainModel/bin/Debug/TestSvnDomainModel.DLL" adapterTypeName="Microsoft.VisualStudio.TestTools.TestTypes.Unit.UnitTestAdapter, Microsoft.VisualStudio.QualityTools.Tips.UnitTest.Adapter, Version=10.0.0.0, Culture=neutral, PublicKeyToken=b03f5f7f11d50a3a" className="TestSvnDomainModel.TestSvnLog, TestSvnDomainModel, Version=1.0.0.0, Culture=neutral, PublicKeyToken=null" name="TestRevisionsReturnedAsASingleRangeIfEveryRevisionIsSelected" />
    </UnitTest>
  </TestDefinitions>
  <TestLists>
    <TestList name="Results Not in a List" id="8c84fa94-04c1-424b-9868-57a2d4851a1d" />
    <TestList name="All Loaded Results" id="19431567-8539-422a-85d7-44ee4e166bda" />
  </TestLists>
  <TestEntries>
    <TestEntry testId="1070a7ed-f447-faef-1a6b-12e76ff1dda1" executionId="154abd56-2af0-4587-9d4d-b70acbd3bca5" testListId="8c84fa94-04c1-424b-9868-57a2d4851a1d" />
    <TestEntry testId="02aa3de2-b3c3-fefd-307e-ace23c0ad47e" executionId="ee2adf36-0836-4439-9697-7cdf0b54b8a8" testListId="8c84fa94-04c1-424b-9868-57a2d4851a1d" />
    <TestEntry testId="3a48e302-ccc6-9204-2565-041adf457499" executionId="ac47b083-8ec1-4da3-8d03-b50c18926d16" testListId="8c84fa94-04c1-424b-9868-57a2d4851a1d" />
    <TestEntry testId="d13e3e73-e065-6a13-5822-4e5f1b2d1751" executionId="255fc6c1-0098-47ab-af83-ee2116cd8981" testListId="8c84fa94-04c1-424b-9868-57a2d4851a1d" />
  </TestEntries>
  <Results>
    <UnitTestResult executionId="154abd56-2af0-4587-9d4d-b70acbd3bca5" testId="1070a7ed-f447-faef-1a6b-12e76ff1dda1" testName="TestRevisionsReturnedAsASingleRangeIfEveryRevisionIsSelected" computerName="CWOO-PC" duration="00:00:00.0573577" startTime="2011-03-30T22:01:09.1793495+01:00" endTime="2011-03-30T22:01:10.4429517+01:00" testType="13cdc9d9-ddb5-4fa4-a97d-d965ccfc6d4b" outcome="Passed" testListId="8c84fa94-04c1-424b-9868-57a2d4851a1d" relativeResultsDirectory="154abd56-2af0-4587-9d4d-b70acbd3bca5">
    </UnitTestResult>
    <UnitTestResult executionId="ee2adf36-0836-4439-9697-7cdf0b54b8a8" testId="02aa3de2-b3c3-fefd-307e-ace23c0ad47e" testName="TestSkippingARevisionResultsInTwoNoneRangesBeingReturned" computerName="CWOO-PC" duration="00:00:00.0029232" startTime="2011-03-30T22:01:10.4585518+01:00" endTime="2011-03-30T22:01:10.4741518+01:00" testType="13cdc9d9-ddb5-4fa4-a97d-d965ccfc6d4b" outcome="Passed" testListId="8c84fa94-04c1-424b-9868-57a2d4851a1d" relativeResultsDirectory="ee2adf36-0836-4439-9697-7cdf0b54b8a8">
    </UnitTestResult>
    <UnitTestResult executionId="ac47b083-8ec1-4da3-8d03-b50c18926d16" testId="3a48e302-ccc6-9204-2565-041adf457499" testName="TestSkippingLastResultsInOneRange" computerName="CWOO-PC" duration="00:00:00.0045821" startTime="2011-03-30T22:01:10.4741518+01:00" endTime="2011-03-30T22:01:10.4897518+01:00" testType="13cdc9d9-ddb5-4fa4-a97d-d965ccfc6d4b" outcome="Passed" testListId="8c84fa94-04c1-424b-9868-57a2d4851a1d" relativeResultsDirectory="ac47b083-8ec1-4da3-8d03-b50c18926d16">
    </UnitTestResult>
    <UnitTestResult executionId="255fc6c1-0098-47ab-af83-ee2116cd8981" testId="d13e3e73-e065-6a13-5822-4e5f1b2d1751" testName="TestSkippingMiddleCanCreateTwoRanges" computerName="CWOO-PC" duration="00:00:00.0082601" startTime="2011-03-30T22:01:10.5053518+01:00" endTime="2011-03-30T22:01:10.5209519+01:00" testType="13cdc9d9-ddb5-4fa4-a97d-d965ccfc6d4b" outcome="Passed" testListId="8c84fa94-04c1-424b-9868-57a2d4851a1d" relativeResultsDirectory="255fc6c1-0098-47ab-af83-ee2116cd8981">
    </UnitTestResult>
  </Results>
</TestRun>