<?xml version="1.0" encoding="UTF-8"?>
<TestRun id="521950e5-521d-4a8c-b626-d41c5dbdb1d3" name="Cwoo@CWOO-PC 2011-04-30 18:26:03" runUser="Cwoo-PC\Cwoo" xmlns="http://microsoft.com/schemas/VisualStudio/TeamTest/2010">
  <TestSettings name="Local" id="49e49dd0-324f-478a-ab30-f3aeba0afd51">
    <Description>These are default test settings for a local test run.</Description>
    <Deployment enabled="false" runDeploymentRoot="Cwoo_CWOO-PC 2011-04-30 18_26_03">
      <DeploymentItem filename="C:\Users\Cwoo\Desktop\SvnLog\SvnDomainModel\bin\Debug\SvnDomainModel.dll" />
    </Deployment>
    <Execution>
      <TestTypeSpecific />
      <AgentRule name="Execution Agents">
      </AgentRule>
    </Execution>
  </TestSettings>
  <Times creation="2011-04-30T18:26:03.0636339+01:00" queuing="2011-04-30T18:26:03.0716344+01:00" start="2011-04-30T18:26:03.0776347+01:00" finish="2011-04-30T18:26:03.2866467+01:00" />
  <ResultSummary outcome="Failed">
    <Counters total="1" executed="1" error="0" failed="1" timeout="0" aborted="0" inconclusive="0" passedButRunAborted="0" notRunnable="0" notExecuted="0" disconnected="0" warning="0" passed="0" completed="0" inProgress="0" pending="0" />
  </ResultSummary>
  <TestDefinitions>
    <UnitTest name="TestWeirdOneOneRangeAndThenOtherRnageMadeWhenSelectingAllButSecondRevision" storage="c:\users\cwoo\desktop\svnlog\testsvndomainmodel\bin\debug\testsvndomainmodel.dll" id="020fe87a-ab43-5b9e-ec0e-deaf1e36d47e">
      <Execution id="2f5d4d54-fb9a-4c70-a8b3-37f553e9cab7" />
      <TestMethod codeBase="C:/Users/Cwoo/Desktop/SvnLog/TestSvnDomainModel/bin/Debug/TestSvnDomainModel.DLL" adapterTypeName="Microsoft.VisualStudio.TestTools.TestTypes.Unit.UnitTestAdapter, Microsoft.VisualStudio.QualityTools.Tips.UnitTest.Adapter, Version=10.0.0.0, Culture=neutral, PublicKeyToken=b03f5f7f11d50a3a" className="TestSvnDomainModel.TestSvnLog, TestSvnDomainModel, Version=1.0.0.0, Culture=neutral, PublicKeyToken=null" name="TestWeirdOneOneRangeAndThenOtherRnageMadeWhenSelectingAllButSecondRevision" />
    </UnitTest>
  </TestDefinitions>
  <TestLists>
    <TestList name="Results Not in a List" id="8c84fa94-04c1-424b-9868-57a2d4851a1d" />
    <TestList name="All Loaded Results" id="19431567-8539-422a-85d7-44ee4e166bda" />
  </TestLists>
  <TestEntries>
    <TestEntry testId="020fe87a-ab43-5b9e-ec0e-deaf1e36d47e" executionId="2f5d4d54-fb9a-4c70-a8b3-37f553e9cab7" testListId="8c84fa94-04c1-424b-9868-57a2d4851a1d" />
  </TestEntries>
  <Results>
    <UnitTestResult executionId="2f5d4d54-fb9a-4c70-a8b3-37f553e9cab7" testId="020fe87a-ab43-5b9e-ec0e-deaf1e36d47e" testName="TestWeirdOneOneRangeAndThenOtherRnageMadeWhenSelectingAllButSecondRevision" computerName="CWOO-PC" duration="00:00:00.0300985" startTime="2011-04-30T18:26:03.0806349+01:00" endTime="2011-04-30T18:26:03.2756460+01:00" testType="13cdc9d9-ddb5-4fa4-a97d-d965ccfc6d4b" outcome="Failed" testListId="8c84fa94-04c1-424b-9868-57a2d4851a1d" relativeResultsDirectory="2f5d4d54-fb9a-4c70-a8b3-37f553e9cab7">
      <Output>
        <ErrorInfo>
          <Message>Assert.AreEqual failed. Expected:&lt;r1:r1&gt;. Actual:&lt;r1&gt;. </Message>
          <StackTrace>   at TestSvnDomainModel.TestSvnLog.TestWeirdOneOneRangeAndThenOtherRnageMadeWhenSelectingAllButSecondRevision() in C:\Users\Cwoo\Desktop\SvnLog\TestSvnDomainModel\TestSvnLog.cs:line 113
</StackTrace>
        </ErrorInfo>
      </Output>
    </UnitTestResult>
  </Results>
</TestRun>