<?xml version="1.0" encoding="UTF-8"?>
<TestRun id="2261e961-5efd-4a75-afb0-e0a322ce622a" name="Cwoo@CWOO-PC 2011-03-29 23:07:54" runUser="Cwoo-PC\Cwoo" xmlns="http://microsoft.com/schemas/VisualStudio/TeamTest/2010">
  <TestSettings name="Local" id="49e49dd0-324f-478a-ab30-f3aeba0afd51">
    <Description>These are default test settings for a local test run.</Description>
    <Deployment enabled="false" runDeploymentRoot="Cwoo_CWOO-PC 2011-03-29 23_07_54">
      <DeploymentItem filename="C:\Users\Cwoo\Desktop\SvnLog\SvnDomainModel\bin\Debug\SvnDomainModel.dll" />
    </Deployment>
    <Execution>
      <TestTypeSpecific />
      <AgentRule name="Execution Agents">
      </AgentRule>
    </Execution>
  </TestSettings>
  <Times creation="2011-03-29T23:07:54.4801488+01:00" queuing="2011-03-29T23:07:57.3122081+01:00" start="2011-03-29T23:07:57.5722085+01:00" finish="2011-03-29T23:10:12.8424575+01:00" />
  <ResultSummary outcome="Error">
    <Counters total="2" executed="2" passed="1" error="0" failed="0" timeout="0" aborted="1" inconclusive="0" passedButRunAborted="0" notRunnable="0" notExecuted="0" disconnected="0" warning="0" completed="0" inProgress="0" pending="0" />
    <RunInfos>
      <RunInfo computerName="CWOO-PC" outcome="Error" timestamp="2011-03-29T23:10:12.8424575+01:00">
        <Text>Test host process exited unexpectedly.</Text>
      </RunInfo>
    </RunInfos>
  </ResultSummary>
  <TestDefinitions>
    <UnitTest name="TestSkippingARevisionResultsInTwoNoneRangesBeingReturned" storage="c:\users\cwoo\desktop\svnlog\testsvndomainmodel\bin\debug\testsvndomainmodel.dll" id="02aa3de2-b3c3-fefd-307e-ace23c0ad47e">
      <Execution id="a6344908-8578-4b2c-b4e3-ce5122174cd5" />
      <TestMethod codeBase="C:/Users/Cwoo/Desktop/SvnLog/TestSvnDomainModel/bin/Debug/TestSvnDomainModel.DLL" adapterTypeName="Microsoft.VisualStudio.TestTools.TestTypes.Unit.UnitTestAdapter, Microsoft.VisualStudio.QualityTools.Tips.UnitTest.Adapter, Version=10.0.0.0, Culture=neutral, PublicKeyToken=b03f5f7f11d50a3a" className="TestSvnDomainModel.TestSvnLog, TestSvnDomainModel, Version=1.0.0.0, Culture=neutral, PublicKeyToken=null" name="TestSkippingARevisionResultsInTwoNoneRangesBeingReturned" />
    </UnitTest>
    <UnitTest name="TestRevisionsReturnedAsASingleRangeIfEveryRevisionIsSelected" storage="c:\users\cwoo\desktop\svnlog\testsvndomainmodel\bin\debug\testsvndomainmodel.dll" id="1070a7ed-f447-faef-1a6b-12e76ff1dda1">
      <Execution id="7ee3d737-acd4-424a-ab44-acd1ff2bac4e" />
      <TestMethod codeBase="C:/Users/Cwoo/Desktop/SvnLog/TestSvnDomainModel/bin/Debug/TestSvnDomainModel.DLL" adapterTypeName="Microsoft.VisualStudio.TestTools.TestTypes.Unit.UnitTestAdapter, Microsoft.VisualStudio.QualityTools.Tips.UnitTest.Adapter, Version=10.0.0.0, Culture=neutral, PublicKeyToken=b03f5f7f11d50a3a" className="TestSvnDomainModel.TestSvnLog, TestSvnDomainModel, Version=1.0.0.0, Culture=neutral, PublicKeyToken=null" name="TestRevisionsReturnedAsASingleRangeIfEveryRevisionIsSelected" />
    </UnitTest>
  </TestDefinitions>
  <TestLists>
    <TestList name="Results Not in a List" id="8c84fa94-04c1-424b-9868-57a2d4851a1d" />
    <TestList name="All Loaded Results" id="19431567-8539-422a-85d7-44ee4e166bda" />
  </TestLists>
  <TestEntries>
    <TestEntry testId="1070a7ed-f447-faef-1a6b-12e76ff1dda1" executionId="7ee3d737-acd4-424a-ab44-acd1ff2bac4e" testListId="8c84fa94-04c1-424b-9868-57a2d4851a1d" />
    <TestEntry testId="02aa3de2-b3c3-fefd-307e-ace23c0ad47e" executionId="a6344908-8578-4b2c-b4e3-ce5122174cd5" testListId="8c84fa94-04c1-424b-9868-57a2d4851a1d" />
  </TestEntries>
  <Results>
    <UnitTestResult executionId="7ee3d737-acd4-424a-ab44-acd1ff2bac4e" testId="1070a7ed-f447-faef-1a6b-12e76ff1dda1" testName="TestRevisionsReturnedAsASingleRangeIfEveryRevisionIsSelected" computerName="CWOO-PC" duration="00:00:00.0560484" startTime="2011-03-29T23:07:57.7722087+01:00" endTime="2011-03-29T23:07:59.1122106+01:00" testType="13cdc9d9-ddb5-4fa4-a97d-d965ccfc6d4b" outcome="Passed" testListId="8c84fa94-04c1-424b-9868-57a2d4851a1d" relativeResultsDirectory="7ee3d737-acd4-424a-ab44-acd1ff2bac4e">
    </UnitTestResult>
    <UnitTestResult executionId="a6344908-8578-4b2c-b4e3-ce5122174cd5" testId="02aa3de2-b3c3-fefd-307e-ace23c0ad47e" testName="TestSkippingARevisionResultsInTwoNoneRangesBeingReturned" computerName="CWOO-PC" duration="00:02:13.7202469" startTime="2011-03-29T23:07:59.1222106+01:00" endTime="2011-03-29T23:10:12.8424575+01:00" testType="13cdc9d9-ddb5-4fa4-a97d-d965ccfc6d4b" outcome="Aborted" testListId="8c84fa94-04c1-424b-9868-57a2d4851a1d" relativeResultsDirectory="a6344908-8578-4b2c-b4e3-ce5122174cd5">
    </UnitTestResult>
  </Results>
</TestRun>