<?xml version="1.0" encoding="UTF-8"?>
<TestRun id="ec4f62a2-3f7a-43d7-b8e5-4e1aa93d3175" name="Cwoo@CWOO-PC 2011-03-29 22:35:04" runUser="Cwoo-PC\Cwoo" xmlns="http://microsoft.com/schemas/VisualStudio/TeamTest/2010">
  <TestSettings name="Local" id="49e49dd0-324f-478a-ab30-f3aeba0afd51">
    <Description>These are default test settings for a local test run.</Description>
    <Deployment enabled="false" runDeploymentRoot="Cwoo_CWOO-PC 2011-03-29 22_35_04">
      <DeploymentItem filename="C:\Users\Cwoo\Desktop\SvnLog\SvnDomainModel\bin\Debug\SvnDomainModel.dll" />
    </Deployment>
    <Execution>
      <TestTypeSpecific />
      <AgentRule name="Execution Agents">
      </AgentRule>
    </Execution>
  </TestSettings>
  <Times creation="2011-03-29T22:35:04.3559392+01:00" queuing="2011-03-29T22:35:07.1959432+01:00" start="2011-03-29T22:35:07.4559435+01:00" finish="2011-03-29T22:35:19.5229714+01:00" />
  <ResultSummary outcome="Failed">
    <Counters total="1" executed="1" error="0" failed="1" timeout="0" aborted="0" inconclusive="0" passedButRunAborted="0" notRunnable="0" notExecuted="0" disconnected="0" warning="0" passed="0" completed="0" inProgress="0" pending="0" />
  </ResultSummary>
  <TestDefinitions>
    <UnitTest name="TestRevisionsReturnedAsASingleRangeIfEveryRevisionIsSelected" storage="c:\users\cwoo\desktop\svnlog\testsvndomainmodel\bin\debug\testsvndomainmodel.dll" id="1070a7ed-f447-faef-1a6b-12e76ff1dda1">
      <Execution id="f2f74ab6-8139-40e3-aba0-2bd905574125" />
      <TestMethod codeBase="C:/Users/Cwoo/Desktop/SvnLog/TestSvnDomainModel/bin/Debug/TestSvnDomainModel.DLL" adapterTypeName="Microsoft.VisualStudio.TestTools.TestTypes.Unit.UnitTestAdapter, Microsoft.VisualStudio.QualityTools.Tips.UnitTest.Adapter, Version=10.0.0.0, Culture=neutral, PublicKeyToken=b03f5f7f11d50a3a" className="TestSvnDomainModel.TestSvnLog, TestSvnDomainModel, Version=1.0.0.0, Culture=neutral, PublicKeyToken=null" name="TestRevisionsReturnedAsASingleRangeIfEveryRevisionIsSelected" />
    </UnitTest>
  </TestDefinitions>
  <TestLists>
    <TestList name="Results Not in a List" id="8c84fa94-04c1-424b-9868-57a2d4851a1d" />
    <TestList name="All Loaded Results" id="19431567-8539-422a-85d7-44ee4e166bda" />
  </TestLists>
  <TestEntries>
    <TestEntry testId="1070a7ed-f447-faef-1a6b-12e76ff1dda1" executionId="f2f74ab6-8139-40e3-aba0-2bd905574125" testListId="8c84fa94-04c1-424b-9868-57a2d4851a1d" />
  </TestEntries>
  <Results>
    <UnitTestResult executionId="f2f74ab6-8139-40e3-aba0-2bd905574125" testId="1070a7ed-f447-faef-1a6b-12e76ff1dda1" testName="TestRevisionsReturnedAsASingleRangeIfEveryRevisionIsSelected" computerName="CWOO-PC" duration="00:00:10.5935993" startTime="2011-03-29T22:35:07.6459438+01:00" endTime="2011-03-29T22:35:19.3929712+01:00" testType="13cdc9d9-ddb5-4fa4-a97d-d965ccfc6d4b" outcome="Failed" testListId="8c84fa94-04c1-424b-9868-57a2d4851a1d" relativeResultsDirectory="f2f74ab6-8139-40e3-aba0-2bd905574125">
      <Output>
        <ErrorInfo>
          <Message>Test method TestSvnDomainModel.TestSvnLog.TestRevisionsReturnedAsASingleRangeIfEveryRevisionIsSelected threw exception: 
System.ArgumentNullException: Value cannot be null.
Parameter name: source</Message>
          <StackTrace>    at System.Linq.Enumerable.Count[TSource](IEnumerable`1 source)
   at TestSvnDomainModel.TestSvnLog.TestRevisionsReturnedAsASingleRangeIfEveryRevisionIsSelected() in C:\Users\Cwoo\Desktop\SvnLog\TestSvnDomainModel\TestSvnLog.cs:line 49
</StackTrace>
        </ErrorInfo>
      </Output>
    </UnitTestResult>
  </Results>
</TestRun>