<?xml version="1.0" encoding="UTF-8"?>
<TestRun id="9b47647d-659c-41b6-a158-a324f8796f3b" name="Cwoo@CWOO-PC 2011-04-29 22:18:53" runUser="Cwoo-PC\Cwoo" xmlns="http://microsoft.com/schemas/VisualStudio/TeamTest/2010">
  <TestSettings name="Local" id="49e49dd0-324f-478a-ab30-f3aeba0afd51">
    <Description>These are default test settings for a local test run.</Description>
    <Deployment enabled="false" runDeploymentRoot="Cwoo_CWOO-PC 2011-04-29 22_18_53">
      <DeploymentItem filename="C:\Users\Cwoo\Desktop\SvnLog\SvnDomainModel\bin\Debug\SvnDomainModel.dll" />
    </Deployment>
    <Execution>
      <TestTypeSpecific />
      <AgentRule name="Execution Agents">
      </AgentRule>
    </Execution>
  </TestSettings>
  <Times creation="2011-04-29T22:18:53.8685480+01:00" queuing="2011-04-29T22:18:53.8685480+01:00" start="2011-04-29T22:18:53.8841480+01:00" finish="2011-04-29T22:18:54.1337484+01:00" />
  <ResultSummary outcome="Failed">
    <Counters total="6" executed="6" passed="5" error="0" failed="1" timeout="0" aborted="0" inconclusive="0" passedButRunAborted="0" notRunnable="0" notExecuted="0" disconnected="0" warning="0" completed="0" inProgress="0" pending="0" />
  </ResultSummary>
  <TestDefinitions>
    <UnitTest name="TestWhenOnlySingleRevisionSelectedItGetsTurnedIntoRevisionRange" storage="c:\users\cwoo\desktop\svnlog\testsvndomainmodel\bin\debug\testsvndomainmodel.dll" id="0d9d8b1b-59be-4a84-e3f2-8936777bdcca">
      <Execution id="bacdd89b-413d-4c5d-b735-1e952d538501" />
      <TestMethod codeBase="C:/Users/Cwoo/Desktop/SvnLog/TestSvnDomainModel/bin/Debug/TestSvnDomainModel.DLL" adapterTypeName="Microsoft.VisualStudio.TestTools.TestTypes.Unit.UnitTestAdapter, Microsoft.VisualStudio.QualityTools.Tips.UnitTest.Adapter, Version=10.0.0.0, Culture=neutral, PublicKeyToken=b03f5f7f11d50a3a" className="TestSvnDomainModel.TestSvnLog, TestSvnDomainModel, Version=1.0.0.0, Culture=neutral, PublicKeyToken=null" name="TestWhenOnlySingleRevisionSelectedItGetsTurnedIntoRevisionRange" />
    </UnitTest>
    <UnitTest name="TestSkippingARevisionResultsInTwoNoneRangesBeingReturned" storage="c:\users\cwoo\desktop\svnlog\testsvndomainmodel\bin\debug\testsvndomainmodel.dll" id="02aa3de2-b3c3-fefd-307e-ace23c0ad47e">
      <Execution id="fb0d262b-c0c5-4895-a192-1f2514d332a4" />
      <TestMethod codeBase="C:/Users/Cwoo/Desktop/SvnLog/TestSvnDomainModel/bin/Debug/TestSvnDomainModel.DLL" adapterTypeName="Microsoft.VisualStudio.TestTools.TestTypes.Unit.UnitTestAdapter, Microsoft.VisualStudio.QualityTools.Tips.UnitTest.Adapter, Version=10.0.0.0, Culture=neutral, PublicKeyToken=b03f5f7f11d50a3a" className="TestSvnDomainModel.TestSvnLog, TestSvnDomainModel, Version=1.0.0.0, Culture=neutral, PublicKeyToken=null" name="TestSkippingARevisionResultsInTwoNoneRangesBeingReturned" />
    </UnitTest>
    <UnitTest name="TestSkippingMiddleCanCreateTwoRanges" storage="c:\users\cwoo\desktop\svnlog\testsvndomainmodel\bin\debug\testsvndomainmodel.dll" id="d13e3e73-e065-6a13-5822-4e5f1b2d1751">
      <Execution id="03d6ffa1-92c4-4e74-a773-1e519c12e433" />
      <TestMethod codeBase="C:/Users/Cwoo/Desktop/SvnLog/TestSvnDomainModel/bin/Debug/TestSvnDomainModel.DLL" adapterTypeName="Microsoft.VisualStudio.TestTools.TestTypes.Unit.UnitTestAdapter, Microsoft.VisualStudio.QualityTools.Tips.UnitTest.Adapter, Version=10.0.0.0, Culture=neutral, PublicKeyToken=b03f5f7f11d50a3a" className="TestSvnDomainModel.TestSvnLog, TestSvnDomainModel, Version=1.0.0.0, Culture=neutral, PublicKeyToken=null" name="TestSkippingMiddleCanCreateTwoRanges" />
    </UnitTest>
    <UnitTest name="TestRevisionsReturnedAsASingleRangeIfEveryRevisionIsSelected" storage="c:\users\cwoo\desktop\svnlog\testsvndomainmodel\bin\debug\testsvndomainmodel.dll" id="1070a7ed-f447-faef-1a6b-12e76ff1dda1">
      <Execution id="4b423ea8-2c3c-43e8-8427-231d49a56f85" />
      <TestMethod codeBase="C:/Users/Cwoo/Desktop/SvnLog/TestSvnDomainModel/bin/Debug/TestSvnDomainModel.DLL" adapterTypeName="Microsoft.VisualStudio.TestTools.TestTypes.Unit.UnitTestAdapter, Microsoft.VisualStudio.QualityTools.Tips.UnitTest.Adapter, Version=10.0.0.0, Culture=neutral, PublicKeyToken=b03f5f7f11d50a3a" className="TestSvnDomainModel.TestSvnLog, TestSvnDomainModel, Version=1.0.0.0, Culture=neutral, PublicKeyToken=null" name="TestRevisionsReturnedAsASingleRangeIfEveryRevisionIsSelected" />
    </UnitTest>
    <UnitTest name="TestSkippingLastResultsInOneRange" storage="c:\users\cwoo\desktop\svnlog\testsvndomainmodel\bin\debug\testsvndomainmodel.dll" id="3a48e302-ccc6-9204-2565-041adf457499">
      <Execution id="234730b0-b470-4d6a-aedd-eef038d41467" />
      <TestMethod codeBase="C:/Users/Cwoo/Desktop/SvnLog/TestSvnDomainModel/bin/Debug/TestSvnDomainModel.DLL" adapterTypeName="Microsoft.VisualStudio.TestTools.TestTypes.Unit.UnitTestAdapter, Microsoft.VisualStudio.QualityTools.Tips.UnitTest.Adapter, Version=10.0.0.0, Culture=neutral, PublicKeyToken=b03f5f7f11d50a3a" className="TestSvnDomainModel.TestSvnLog, TestSvnDomainModel, Version=1.0.0.0, Culture=neutral, PublicKeyToken=null" name="TestSkippingLastResultsInOneRange" />
    </UnitTest>
    <UnitTest name="TestSvnProncessThrowsAnErrorWhenTheStandardErrorLogHasSomthingInIt" storage="c:\users\cwoo\desktop\svnlog\testsvndomainmodel\bin\debug\testsvndomainmodel.dll" id="b9c48b81-c181-0ea3-d9f9-8ae341a98518">
      <Execution id="31a17a30-afd1-46e1-a4c7-af14348b1586" />
      <TestMethod codeBase="C:/Users/Cwoo/Desktop/SvnLog/TestSvnDomainModel/bin/Debug/TestSvnDomainModel.DLL" adapterTypeName="Microsoft.VisualStudio.TestTools.TestTypes.Unit.UnitTestAdapter, Microsoft.VisualStudio.QualityTools.Tips.UnitTest.Adapter, Version=10.0.0.0, Culture=neutral, PublicKeyToken=b03f5f7f11d50a3a" className="TestSvnDomainModel.TestSvnLog, TestSvnDomainModel, Version=1.0.0.0, Culture=neutral, PublicKeyToken=null" name="TestSvnProncessThrowsAnErrorWhenTheStandardErrorLogHasSomthingInIt" />
    </UnitTest>
  </TestDefinitions>
  <TestLists>
    <TestList name="Results Not in a List" id="8c84fa94-04c1-424b-9868-57a2d4851a1d" />
    <TestList name="All Loaded Results" id="19431567-8539-422a-85d7-44ee4e166bda" />
  </TestLists>
  <TestEntries>
    <TestEntry testId="02aa3de2-b3c3-fefd-307e-ace23c0ad47e" executionId="fb0d262b-c0c5-4895-a192-1f2514d332a4" testListId="8c84fa94-04c1-424b-9868-57a2d4851a1d" />
    <TestEntry testId="0d9d8b1b-59be-4a84-e3f2-8936777bdcca" executionId="bacdd89b-413d-4c5d-b735-1e952d538501" testListId="8c84fa94-04c1-424b-9868-57a2d4851a1d" />
    <TestEntry testId="1070a7ed-f447-faef-1a6b-12e76ff1dda1" executionId="4b423ea8-2c3c-43e8-8427-231d49a56f85" testListId="8c84fa94-04c1-424b-9868-57a2d4851a1d" />
    <TestEntry testId="3a48e302-ccc6-9204-2565-041adf457499" executionId="234730b0-b470-4d6a-aedd-eef038d41467" testListId="8c84fa94-04c1-424b-9868-57a2d4851a1d" />
    <TestEntry testId="b9c48b81-c181-0ea3-d9f9-8ae341a98518" executionId="31a17a30-afd1-46e1-a4c7-af14348b1586" testListId="8c84fa94-04c1-424b-9868-57a2d4851a1d" />
    <TestEntry testId="d13e3e73-e065-6a13-5822-4e5f1b2d1751" executionId="03d6ffa1-92c4-4e74-a773-1e519c12e433" testListId="8c84fa94-04c1-424b-9868-57a2d4851a1d" />
  </TestEntries>
  <Results>
    <UnitTestResult executionId="fb0d262b-c0c5-4895-a192-1f2514d332a4" testId="02aa3de2-b3c3-fefd-307e-ace23c0ad47e" testName="TestSkippingARevisionResultsInTwoNoneRangesBeingReturned" computerName="CWOO-PC" duration="00:00:00.0141199" startTime="2011-04-29T22:18:53.8841480+01:00" endTime="2011-04-29T22:18:54.0557483+01:00" testType="13cdc9d9-ddb5-4fa4-a97d-d965ccfc6d4b" outcome="Passed" testListId="8c84fa94-04c1-424b-9868-57a2d4851a1d" relativeResultsDirectory="fb0d262b-c0c5-4895-a192-1f2514d332a4">
    </UnitTestResult>
    <UnitTestResult executionId="bacdd89b-413d-4c5d-b735-1e952d538501" testId="0d9d8b1b-59be-4a84-e3f2-8936777bdcca" testName="TestWhenOnlySingleRevisionSelectedItGetsTurnedIntoRevisionRange" computerName="CWOO-PC" duration="00:00:00.0184109" startTime="2011-04-29T22:18:54.0713483+01:00" endTime="2011-04-29T22:18:54.0869484+01:00" testType="13cdc9d9-ddb5-4fa4-a97d-d965ccfc6d4b" outcome="Failed" testListId="8c84fa94-04c1-424b-9868-57a2d4851a1d" relativeResultsDirectory="bacdd89b-413d-4c5d-b735-1e952d538501">
      <Output>
        <ErrorInfo>
          <Message>Assert.AreEqual failed. Expected:&lt;r1:r1&gt;. Actual:&lt;r1&gt;. </Message>
          <StackTrace>   at TestSvnDomainModel.TestSvnLog.TestWhenOnlySingleRevisionSelectedItGetsTurnedIntoRevisionRange() in C:\Users\Cwoo\Desktop\SvnLog\TestSvnDomainModel\TestSvnLog.cs:line 95
</StackTrace>
        </ErrorInfo>
      </Output>
    </UnitTestResult>
    <UnitTestResult executionId="4b423ea8-2c3c-43e8-8427-231d49a56f85" testId="1070a7ed-f447-faef-1a6b-12e76ff1dda1" testName="TestRevisionsReturnedAsASingleRangeIfEveryRevisionIsSelected" computerName="CWOO-PC" duration="00:00:00.0003133" startTime="2011-04-29T22:18:54.0869484+01:00" endTime="2011-04-29T22:18:54.0869484+01:00" testType="13cdc9d9-ddb5-4fa4-a97d-d965ccfc6d4b" outcome="Passed" testListId="8c84fa94-04c1-424b-9868-57a2d4851a1d" relativeResultsDirectory="4b423ea8-2c3c-43e8-8427-231d49a56f85">
    </UnitTestResult>
    <UnitTestResult executionId="234730b0-b470-4d6a-aedd-eef038d41467" testId="3a48e302-ccc6-9204-2565-041adf457499" testName="TestSkippingLastResultsInOneRange" computerName="CWOO-PC" duration="00:00:00.0002884" startTime="2011-04-29T22:18:54.0869484+01:00" endTime="2011-04-29T22:18:54.1025484+01:00" testType="13cdc9d9-ddb5-4fa4-a97d-d965ccfc6d4b" outcome="Passed" testListId="8c84fa94-04c1-424b-9868-57a2d4851a1d" relativeResultsDirectory="234730b0-b470-4d6a-aedd-eef038d41467">
    </UnitTestResult>
    <UnitTestResult executionId="31a17a30-afd1-46e1-a4c7-af14348b1586" testId="b9c48b81-c181-0ea3-d9f9-8ae341a98518" testName="TestSvnProncessThrowsAnErrorWhenTheStandardErrorLogHasSomthingInIt" computerName="CWOO-PC" duration="00:00:00.0194729" startTime="2011-04-29T22:18:54.1025484+01:00" endTime="2011-04-29T22:18:54.1181484+01:00" testType="13cdc9d9-ddb5-4fa4-a97d-d965ccfc6d4b" outcome="Passed" testListId="8c84fa94-04c1-424b-9868-57a2d4851a1d" relativeResultsDirectory="31a17a30-afd1-46e1-a4c7-af14348b1586">
    </UnitTestResult>
    <UnitTestResult executionId="03d6ffa1-92c4-4e74-a773-1e519c12e433" testId="d13e3e73-e065-6a13-5822-4e5f1b2d1751" testName="TestSkippingMiddleCanCreateTwoRanges" computerName="CWOO-PC" duration="00:00:00.0003394" startTime="2011-04-29T22:18:54.1181484+01:00" endTime="2011-04-29T22:18:54.1181484+01:00" testType="13cdc9d9-ddb5-4fa4-a97d-d965ccfc6d4b" outcome="Passed" testListId="8c84fa94-04c1-424b-9868-57a2d4851a1d" relativeResultsDirectory="03d6ffa1-92c4-4e74-a773-1e519c12e433">
    </UnitTestResult>
  </Results>
</TestRun>