<?xml version="1.0" encoding="UTF-8"?>
<TestRun id="3a76d668-83dc-4399-9eeb-fdb8ac39d946" name="Cwoo@CWOO-PC 2011-04-17 18:21:10" runUser="Cwoo-PC\Cwoo" xmlns="http://microsoft.com/schemas/VisualStudio/TeamTest/2010">
  <TestSettings name="Local" id="49e49dd0-324f-478a-ab30-f3aeba0afd51">
    <Description>These are default test settings for a local test run.</Description>
    <Deployment enabled="false" runDeploymentRoot="Cwoo_CWOO-PC 2011-04-17 18_21_10">
      <DeploymentItem filename="C:\Users\Cwoo\Desktop\SvnLog\SvnDomainModel\bin\Debug\SvnDomainModel.dll" />
    </Deployment>
    <Execution>
      <TestTypeSpecific />
      <AgentRule name="Execution Agents">
      </AgentRule>
    </Execution>
  </TestSettings>
  <Times creation="2011-04-17T18:21:10.4293446+01:00" queuing="2011-04-17T18:21:13.2492557+01:00" start="2011-04-17T18:21:13.5210600+01:00" finish="2011-04-17T18:21:15.1059178+01:00" />
  <ResultSummary outcome="Completed">
    <Counters total="1" executed="1" passed="1" error="0" failed="0" timeout="0" aborted="0" inconclusive="0" passedButRunAborted="0" notRunnable="0" notExecuted="0" disconnected="0" warning="0" completed="0" inProgress="0" pending="0" />
  </ResultSummary>
  <TestDefinitions>
    <UnitTest name="TestSkippingMiddleCanCreateTwoRanges" storage="c:\users\cwoo\desktop\svnlog\testsvndomainmodel\bin\debug\testsvndomainmodel.dll" id="d13e3e73-e065-6a13-5822-4e5f1b2d1751">
      <Execution id="fb6e86ec-2d56-420f-9237-77c35faf1abf" />
      <TestMethod codeBase="C:/Users/Cwoo/Desktop/SvnLog/TestSvnDomainModel/bin/Debug/TestSvnDomainModel.DLL" adapterTypeName="Microsoft.VisualStudio.TestTools.TestTypes.Unit.UnitTestAdapter, Microsoft.VisualStudio.QualityTools.Tips.UnitTest.Adapter, Version=10.0.0.0, Culture=neutral, PublicKeyToken=b03f5f7f11d50a3a" className="TestSvnDomainModel.TestSvnLog, TestSvnDomainModel, Version=1.0.0.0, Culture=neutral, PublicKeyToken=null" name="TestSkippingMiddleCanCreateTwoRanges" />
    </UnitTest>
  </TestDefinitions>
  <TestLists>
    <TestList name="Results Not in a List" id="8c84fa94-04c1-424b-9868-57a2d4851a1d" />
    <TestList name="All Loaded Results" id="19431567-8539-422a-85d7-44ee4e166bda" />
  </TestLists>
  <TestEntries>
    <TestEntry testId="d13e3e73-e065-6a13-5822-4e5f1b2d1751" executionId="fb6e86ec-2d56-420f-9237-77c35faf1abf" testListId="8c84fa94-04c1-424b-9868-57a2d4851a1d" />
  </TestEntries>
  <Results>
    <UnitTestResult executionId="fb6e86ec-2d56-420f-9237-77c35faf1abf" testId="d13e3e73-e065-6a13-5822-4e5f1b2d1751" testName="TestSkippingMiddleCanCreateTwoRanges" computerName="CWOO-PC" duration="00:00:00.0517486" startTime="2011-04-17T18:21:13.7082604+01:00" endTime="2011-04-17T18:21:14.9811176+01:00" testType="13cdc9d9-ddb5-4fa4-a97d-d965ccfc6d4b" outcome="Passed" testListId="8c84fa94-04c1-424b-9868-57a2d4851a1d" relativeResultsDirectory="fb6e86ec-2d56-420f-9237-77c35faf1abf">
    </UnitTestResult>
  </Results>
</TestRun>