<?xml version="1.0" encoding="UTF-8"?>
<TestRun id="e6ac9f7f-87d3-4878-a5e3-6ffa70b393b5" name="Cwoo@CWOO-PC 2011-04-30 18:26:15" runUser="Cwoo-PC\Cwoo" xmlns="http://microsoft.com/schemas/VisualStudio/TeamTest/2010">
  <TestSettings name="Local" id="49e49dd0-324f-478a-ab30-f3aeba0afd51">
    <Description>These are default test settings for a local test run.</Description>
    <Deployment enabled="false" runDeploymentRoot="Cwoo_CWOO-PC 2011-04-30 18_26_15">
      <DeploymentItem filename="C:\Users\Cwoo\Desktop\SvnLog\SvnDomainModel\bin\Debug\SvnDomainModel.dll" />
    </Deployment>
    <Execution>
      <TestTypeSpecific />
      <AgentRule name="Execution Agents">
      </AgentRule>
    </Execution>
  </TestSettings>
  <Times creation="2011-04-30T18:26:15.7603601+01:00" queuing="2011-04-30T18:26:18.7345302+01:00" start="2011-04-30T18:26:19.0175464+01:00" finish="2011-04-30T18:26:39.6917289+01:00" />
  <ResultSummary outcome="Error">
    <Counters total="1" executed="1" error="0" failed="0" timeout="0" aborted="1" inconclusive="0" passedButRunAborted="0" notRunnable="0" notExecuted="0" disconnected="0" warning="0" passed="0" completed="0" inProgress="0" pending="0" />
    <RunInfos>
      <RunInfo computerName="CWOO-PC" outcome="Error" timestamp="2011-04-30T18:26:39.6917289+01:00">
        <Text>Test host process exited unexpectedly.</Text>
      </RunInfo>
    </RunInfos>
  </ResultSummary>
  <TestDefinitions>
    <UnitTest name="TestWeirdOneOneRangeAndThenOtherRnageMadeWhenSelectingAllButSecondRevision" storage="c:\users\cwoo\desktop\svnlog\testsvndomainmodel\bin\debug\testsvndomainmodel.dll" id="020fe87a-ab43-5b9e-ec0e-deaf1e36d47e">
      <Execution id="6fd48ced-dc2f-4b32-b620-1b139aecc932" />
      <TestMethod codeBase="C:/Users/Cwoo/Desktop/SvnLog/TestSvnDomainModel/bin/Debug/TestSvnDomainModel.DLL" adapterTypeName="Microsoft.VisualStudio.TestTools.TestTypes.Unit.UnitTestAdapter, Microsoft.VisualStudio.QualityTools.Tips.UnitTest.Adapter, Version=10.0.0.0, Culture=neutral, PublicKeyToken=b03f5f7f11d50a3a" className="TestSvnDomainModel.TestSvnLog, TestSvnDomainModel, Version=1.0.0.0, Culture=neutral, PublicKeyToken=null" name="TestWeirdOneOneRangeAndThenOtherRnageMadeWhenSelectingAllButSecondRevision" />
    </UnitTest>
  </TestDefinitions>
  <TestLists>
    <TestList name="Results Not in a List" id="8c84fa94-04c1-424b-9868-57a2d4851a1d" />
    <TestList name="All Loaded Results" id="19431567-8539-422a-85d7-44ee4e166bda" />
  </TestLists>
  <TestEntries>
    <TestEntry testId="020fe87a-ab43-5b9e-ec0e-deaf1e36d47e" executionId="6fd48ced-dc2f-4b32-b620-1b139aecc932" testListId="8c84fa94-04c1-424b-9868-57a2d4851a1d" />
  </TestEntries>
  <Results>
    <UnitTestResult executionId="6fd48ced-dc2f-4b32-b620-1b139aecc932" testId="020fe87a-ab43-5b9e-ec0e-deaf1e36d47e" testName="TestWeirdOneOneRangeAndThenOtherRnageMadeWhenSelectingAllButSecondRevision" computerName="CWOO-PC" duration="00:00:20.4791713" startTime="2011-04-30T18:26:19.2125576+01:00" endTime="2011-04-30T18:26:39.6917289+01:00" testType="13cdc9d9-ddb5-4fa4-a97d-d965ccfc6d4b" outcome="Aborted" testListId="8c84fa94-04c1-424b-9868-57a2d4851a1d" relativeResultsDirectory="6fd48ced-dc2f-4b32-b620-1b139aecc932">
    </UnitTestResult>
  </Results>
</TestRun>