<?xml version="1.0" encoding="UTF-8"?>
<TestRun id="f4e63b44-aa09-40c9-936a-376ec2073b84" name="Cwoo@CWOO-PC 2011-03-29 23:06:46" runUser="Cwoo-PC\Cwoo" xmlns="http://microsoft.com/schemas/VisualStudio/TeamTest/2010">
  <TestSettings name="Local" id="49e49dd0-324f-478a-ab30-f3aeba0afd51">
    <Description>These are default test settings for a local test run.</Description>
    <Deployment enabled="false" runDeploymentRoot="Cwoo_CWOO-PC 2011-03-29 23_06_46">
      <DeploymentItem filename="C:\Users\Cwoo\Desktop\SvnLog\SvnDomainModel\bin\Debug\SvnDomainModel.dll" />
    </Deployment>
    <Execution>
      <TestTypeSpecific />
      <AgentRule name="Execution Agents">
      </AgentRule>
    </Execution>
  </TestSettings>
  <Times creation="2011-03-29T23:06:46.7950131+01:00" queuing="2011-03-29T23:06:49.7701833+01:00" start="2011-03-29T23:06:50.0071941+01:00" finish="2011-03-29T23:07:33.2600873+01:00" />
  <ResultSummary outcome="Error">
    <Counters total="2" executed="2" passed="1" error="0" failed="0" timeout="0" aborted="1" inconclusive="0" passedButRunAborted="0" notRunnable="0" notExecuted="0" disconnected="0" warning="0" completed="0" inProgress="0" pending="0" />
    <RunInfos>
      <RunInfo computerName="CWOO-PC" outcome="Error" timestamp="2011-03-29T23:07:33.2500872+01:00">
        <Text>Test host process exited unexpectedly.</Text>
      </RunInfo>
    </RunInfos>
  </ResultSummary>
  <TestDefinitions>
    <UnitTest name="TestSkippingARevisionResultsInTwoNoneRangesBeingReturned" storage="c:\users\cwoo\desktop\svnlog\testsvndomainmodel\bin\debug\testsvndomainmodel.dll" id="02aa3de2-b3c3-fefd-307e-ace23c0ad47e">
      <Execution id="ed82db4f-e566-42c7-b7c2-59553ea6cc2a" />
      <TestMethod codeBase="C:/Users/Cwoo/Desktop/SvnLog/TestSvnDomainModel/bin/Debug/TestSvnDomainModel.DLL" adapterTypeName="Microsoft.VisualStudio.TestTools.TestTypes.Unit.UnitTestAdapter, Microsoft.VisualStudio.QualityTools.Tips.UnitTest.Adapter, Version=10.0.0.0, Culture=neutral, PublicKeyToken=b03f5f7f11d50a3a" className="TestSvnDomainModel.TestSvnLog, TestSvnDomainModel, Version=1.0.0.0, Culture=neutral, PublicKeyToken=null" name="TestSkippingARevisionResultsInTwoNoneRangesBeingReturned" />
    </UnitTest>
    <UnitTest name="TestRevisionsReturnedAsASingleRangeIfEveryRevisionIsSelected" storage="c:\users\cwoo\desktop\svnlog\testsvndomainmodel\bin\debug\testsvndomainmodel.dll" id="1070a7ed-f447-faef-1a6b-12e76ff1dda1">
      <Execution id="13d962b9-349f-4e1c-9796-b458bee74af7" />
      <TestMethod codeBase="C:/Users/Cwoo/Desktop/SvnLog/TestSvnDomainModel/bin/Debug/TestSvnDomainModel.DLL" adapterTypeName="Microsoft.VisualStudio.TestTools.TestTypes.Unit.UnitTestAdapter, Microsoft.VisualStudio.QualityTools.Tips.UnitTest.Adapter, Version=10.0.0.0, Culture=neutral, PublicKeyToken=b03f5f7f11d50a3a" className="TestSvnDomainModel.TestSvnLog, TestSvnDomainModel, Version=1.0.0.0, Culture=neutral, PublicKeyToken=null" name="TestRevisionsReturnedAsASingleRangeIfEveryRevisionIsSelected" />
    </UnitTest>
  </TestDefinitions>
  <TestLists>
    <TestList name="Results Not in a List" id="8c84fa94-04c1-424b-9868-57a2d4851a1d" />
    <TestList name="All Loaded Results" id="19431567-8539-422a-85d7-44ee4e166bda" />
  </TestLists>
  <TestEntries>
    <TestEntry testId="1070a7ed-f447-faef-1a6b-12e76ff1dda1" executionId="13d962b9-349f-4e1c-9796-b458bee74af7" testListId="8c84fa94-04c1-424b-9868-57a2d4851a1d" />
    <TestEntry testId="02aa3de2-b3c3-fefd-307e-ace23c0ad47e" executionId="ed82db4f-e566-42c7-b7c2-59553ea6cc2a" testListId="8c84fa94-04c1-424b-9868-57a2d4851a1d" />
  </TestEntries>
  <Results>
    <UnitTestResult executionId="13d962b9-349f-4e1c-9796-b458bee74af7" testId="1070a7ed-f447-faef-1a6b-12e76ff1dda1" testName="TestRevisionsReturnedAsASingleRangeIfEveryRevisionIsSelected" computerName="CWOO-PC" duration="00:00:00.0560181" startTime="2011-03-29T23:06:50.1971943+01:00" endTime="2011-03-29T23:06:51.5112622+01:00" testType="13cdc9d9-ddb5-4fa4-a97d-d965ccfc6d4b" outcome="Passed" testListId="8c84fa94-04c1-424b-9868-57a2d4851a1d" relativeResultsDirectory="13d962b9-349f-4e1c-9796-b458bee74af7">
    </UnitTestResult>
    <UnitTestResult executionId="ed82db4f-e566-42c7-b7c2-59553ea6cc2a" testId="02aa3de2-b3c3-fefd-307e-ace23c0ad47e" testName="TestSkippingARevisionResultsInTwoNoneRangesBeingReturned" computerName="CWOO-PC" duration="00:00:41.7358243" startTime="2011-03-29T23:06:51.5242630+01:00" endTime="2011-03-29T23:07:33.2600873+01:00" testType="13cdc9d9-ddb5-4fa4-a97d-d965ccfc6d4b" outcome="Aborted" testListId="8c84fa94-04c1-424b-9868-57a2d4851a1d" relativeResultsDirectory="ed82db4f-e566-42c7-b7c2-59553ea6cc2a">
    </UnitTestResult>
  </Results>
</TestRun>